<?xml version="1.0" encoding="utf-8"?><testsuites name="pytest tests"><testsuite name="pytest" errors="0" failures="0" skipped="0" tests="19" time="1.397" timestamp="2026-09-12T14:20:09.944313+08:00" hostname="forge"><testcase classname="AAA.ACD.tests.test_contract" name="test_request_schema_valid" time="0.006" /><testcase classname="AAA.ACD.tests.test_contract" name="test_cycle_receipt_and_branches_schema" time="0.019" /><testcase classname="AAA.ACD.tests.test_contract" name="test_content_hash_integrity" time="0.001" /><testcase classname="AAA.ACD.tests.test_contract" name="test_dissent_and_contradictions_retained" time="0.001" /><testcase classname="AAA.ACD.tests.test_contract" name="test_contract_mismatch_fails_closed" time="0.001" /><testcase classname="AAA.ACD.tests.test_governance" name="test_core_and_cli_have_no_execution_capability" time="0.001" /><testcase classname="AAA.ACD.tests.test_governance" name="test_status_never_claims_production_activation" time="0.001" /><testcase classname="AAA.ACD.tests.test_governance" name="test_cli_dream_status_does_not_run_a_cycle" time="0.046" /><testcase classname="AAA.ACD.tests.test_governance" name="test_cli_bare_dream_runs_one_bounded_cycle" time="0.044" /><testcase classname="AAA.ACD.tests.test_governance" name="test_cli_purpose_argument_still_runs_cycle" time="0.044" /><testcase classname="AAA.ACD.tests.test_governance" name="test_cli_propose_creates_held_petition" time="0.085" /><testcase classname="AAA.ACD.tests.test_governance" name="test_audit_flags_tampered_receipt" time="0.099" /><testcase classname="AAA.ACD.tests.test_governance" name="test_audit_passes_untampered_receipt" time="0.092" /><testcase classname="AAA.ACD.tests.test_memory_contract" name="test_zones_defined" time="0.001" /><testcase classname="AAA.ACD.tests.test_memory_contract" name="test_simulated_excluded_from_default_recall" time="0.001" /><testcase classname="AAA.ACD.tests.test_memory_contract" name="test_simulated_visible_only_in_scenario_scope" time="0.001" /><testcase classname="AAA.ACD.tests.test_memory_contract" name="test_forbidden_transition_raises" time="0.001" /><testcase classname="AAA.ACD.tests.test_memory_contract" name="test_shadow_cycle_object_is_quarantine_typed" time="0.001" /><testcase classname="AAA.ACD.tests.test_memory_contract" name="test_self_promotion_fails_closed" time="0.001" /></testsuite></testsuites>